<?xml version="1.0" encoding="UTF-8"?>
<coverage generated="1650937899316" clover="3.2.0">
  <project timestamp="1650937899316" name="All files">
    <metrics statements="8" coveredstatements="6" conditionals="2" coveredconditionals="1" methods="3" coveredmethods="2" elements="13" coveredelements="9" complexity="0" loc="8" ncloc="8" packages="1" files="1" classes="1"/>
    <file name="TestComponent.tsx" path="/Users/drewklayman/Repos/emotion-babel-selector-bug/src/TestComponent.tsx">
      <metrics statements="8" coveredstatements="6" conditionals="2" coveredconditionals="1" methods="3" coveredmethods="2"/>
      <line num="5" count="1" type="stmt"/>
      <line num="6" count="1" type="cond" truecount="1" falsecount="1"/>
      <line num="7" count="0" type="stmt"/>
      <line num="9" count="1" type="stmt"/>
      <line num="12" count="1" type="stmt"/>
      <line num="18" count="1" type="stmt"/>
      <line num="30" count="1" type="stmt"/>
      <line num="31" count="0" type="stmt"/>
    </file>
  </project>
</coverage>
