<?xml version="1.0" ?>
<!DOCTYPE coverage SYSTEM "http://cobertura.sourceforge.net/xml/coverage-04.dtd">
<coverage lines-valid="15" lines-covered="10" line-rate="0.6666" branches-valid="5" branches-covered="4" branch-rate="0.8" timestamp="1650942826326" complexity="0" version="0.1">
  <sources>
    <source>/Users/drewklayman/Repos/emotion-babel-selector-bug</source>
  </sources>
  <packages>
    <package name="main" line-rate="0.6666" branch-rate="0.8">
      <classes>
        <class name="App.tsx" filename="src/App.tsx" line-rate="0" branch-rate="1">
          <methods>
          </methods>
          <lines>
            <line number="1" hits="0" branch="false"/>
            <line number="2" hits="0" branch="false"/>
            <line number="3" hits="0" branch="false"/>
            <line number="5" hits="0" branch="false"/>
          </lines>
        </class>
        <class name="TestComponent.tsx" filename="src/TestComponent.tsx" line-rate="0.909" branch-rate="0.8">
          <methods>
            <method name="checkTransientProps" hits="1" signature="()V">
              <lines>
                <line number="4" hits="1"/>
              </lines>
            </method>
            <method name="(anonymous_2)" hits="1" signature="()V">
              <lines>
                <line number="5" hits="1"/>
              </lines>
            </method>
            <method name="TestComponent" hits="2" signature="()V">
              <lines>
                <line number="30" hits="2"/>
              </lines>
            </method>
          </methods>
          <lines>
            <line number="2" hits="1" branch="false"/>
            <line number="4" hits="1" branch="false"/>
            <line number="5" hits="2" branch="false"/>
            <line number="6" hits="1" branch="true" condition-coverage="0% (0/1)"/>
            <line number="7" hits="0" branch="false"/>
            <line number="9" hits="1" branch="false"/>
            <line number="12" hits="1" branch="true" condition-coverage="100% (2/2)"/>
            <line number="18" hits="1" branch="true" condition-coverage="100% (2/2)"/>
            <line number="30" hits="1" branch="false"/>
            <line number="31" hits="2" branch="false"/>
            <line number="38" hits="1" branch="false"/>
          </lines>
        </class>
      </classes>
    </package>
  </packages>
</coverage>
